[2025-02-20 09:26:00] [INFO] Iniciando instalación de Apache...
[2025-02-20 09:26:03] [INFO] Iniciando instalación de MariaDB...
[2025-02-20 09:26:10] [INFO] Iniciando instalación de PHP...
[2025-02-20 09:26:11] [INFO] Iniciando instalación de phpMyAdmin...
[2025-02-20 16:50:58] [INFO] Iniciando instalación de Apache...
[2025-02-20 16:51:03] [INFO] Iniciando instalación de MariaDB...
[2025-02-20 16:51:09] [INFO] Iniciando instalación de PHP...
[2025-02-20 16:51:14] [INFO] Iniciando instalación de phpMyAdmin...
[2025-02-20 16:51:14] [WARNING] Dependencias faltantes: apache php mariadb
[2025-02-20 17:38:53] [INFO] Iniciando instalación de Apache...
[2025-02-20 17:38:58] [INFO] Iniciando instalación de MariaDB...
[2025-02-20 17:39:04] [INFO] Iniciando instalación de PHP...
[2025-02-20 17:39:09] [INFO] Iniciando instalación de phpMyAdmin...
[2025-02-20 17:39:09] [WARNING] Dependencias faltantes: apache php mariadb
[2025-02-20 17:43:47] [INFO] Iniciando instalación de Apache...
[2025-02-20 17:43:52] [INFO] Iniciando instalación de MariaDB...
[2025-02-20 17:43:58] [INFO] Iniciando instalación de PHP...
[2025-02-20 17:44:03] [INFO] Iniciando instalación de phpMyAdmin...
[2025-02-20 17:44:03] [WARNING] Dependencias faltantes: apache php mariadb
[2025-05-05 21:13:46] [INFO] Iniciando instalación de Apache...
[2025-05-05 21:13:52] [INFO] Iniciando instalación de MariaDB...
[2025-05-05 21:13:57] [INFO] Iniciando instalación de PHP...
[2025-05-05 21:14:03] [INFO] Iniciando instalación de phpMyAdmin...
[2025-05-05 21:14:03] [WARNING] Dependencias faltantes: apache php mariadb
[2025-05-05 21:14:41] [INFO] Iniciando instalación de Apache...
[2025-05-05 21:14:47] [INFO] Iniciando instalación de MariaDB...
[2025-05-05 21:14:52] [INFO] Iniciando instalación de PHP...
[2025-05-05 21:14:57] [INFO] Iniciando instalación de phpMyAdmin...
[2025-05-05 21:14:57] [WARNING] Dependencias faltantes: apache php mariadb
[2025-05-05 21:20:40] [INFO] Iniciando instalación de Apache...
[2025-05-05 21:20:45] [INFO] Iniciando instalación de MariaDB...
[2025-05-05 21:20:51] [INFO] Iniciando instalación de PHP...
[2025-05-05 21:20:56] [INFO] Iniciando instalación de phpMyAdmin...
[2025-05-05 21:20:56] [WARNING] Dependencias faltantes: apache php mariadb
