[2025-02-20 06:47:47] [INFO] Actualizando sistema...
[2025-02-20 06:47:54] [SUCCESS] Sistema actualizado correctamente
[2025-02-20 06:48:00] [INFO] Iniciando instalación completa...
[2025-02-20 09:14:26] [INFO] Actualizando sistema...
[2025-02-20 09:14:34] [SUCCESS] Sistema actualizado correctamente
[2025-02-20 09:25:42] [INFO] Actualizando sistema...
[2025-02-20 09:25:51] [SUCCESS] Sistema actualizado correctamente
[2025-02-20 15:09:09] [INFO] Actualizando sistema...
[2025-02-20 15:09:12] [ERROR] Error al actualizar el sistema
[2025-02-20 15:22:23] [INFO] Iniciando la actualización del sistema...
[2025-02-20 15:22:23] [INFO] Actualizando sistema...
[2025-02-20 15:22:32] [SUCCESS] Sistema actualizado correctamente
[2025-02-20 15:22:32] [SUCCESS] Sistema actualizado correctamente
[2025-02-20 15:22:37] [INFO] Iniciando la instalación de Apache...
[2025-02-20 16:09:08] [INFO] Iniciando la actualización del sistema...
[2025-02-20 16:09:08] [INFO] Actualizando sistema...
[2025-02-20 16:09:08] [ERROR] Error al actualizar el sistema
[2025-02-20 16:09:10] [INFO] Iniciando la actualización del sistema...
[2025-02-20 16:09:10] [INFO] Actualizando sistema...
[2025-02-20 16:09:22] [SUCCESS] Sistema actualizado correctamente
[2025-02-20 16:09:22] [SUCCESS] Sistema actualizado correctamente
[2025-02-20 16:09:25] [INFO] Iniciando la instalación de Apache...
[2025-02-20 16:25:26] [INFO] Iniciando la actualización del sistema...
[2025-02-20 16:25:26] [INFO] Actualizando sistema...
[2025-02-20 16:25:34] [SUCCESS] Sistema actualizado correctamente
[2025-02-20 16:25:34] [SUCCESS] Sistema actualizado correctamente
[2025-02-20 16:25:44] [INFO] Iniciando la actualización del sistema...
[2025-02-20 16:25:45] [INFO] Actualizando sistema...
[2025-02-20 16:25:53] [SUCCESS] Sistema actualizado correctamente
[2025-02-20 16:25:53] [SUCCESS] Sistema actualizado correctamente
[2025-02-20 16:41:02] [INFO] Iniciando la actualización del sistema...
[2025-02-20 16:41:07] [INFO] Actualizando sistema...
[2025-02-20 16:41:17] [SUCCESS] Sistema actualizado correctamente
[2025-02-20 16:41:17] [SUCCESS] Sistema actualizado correctamente
[2025-02-20 16:42:50] [INFO] Iniciando la actualización del sistema...
[2025-02-20 16:42:56] [INFO] Actualizando sistema...
[2025-02-20 16:43:04] [SUCCESS] Sistema actualizado correctamente
[2025-02-20 16:43:04] [SUCCESS] Sistema actualizado correctamente
[2025-02-20 16:45:29] [INFO] Iniciando la actualización del sistema...
[2025-02-20 16:45:35] [INFO] Actualizando sistema...
[2025-02-20 16:45:45] [SUCCESS] Sistema actualizado correctamente
[2025-02-20 16:45:45] [SUCCESS] Sistema actualizado correctamente
[2025-02-20 16:48:40] [INFO] Iniciando la actualización del sistema...
[2025-02-20 16:48:46] [INFO] Actualizando sistema...
[2025-02-20 16:48:54] [SUCCESS] Sistema actualizado correctamente
[2025-02-20 16:48:54] [SUCCESS] Sistema actualizado correctamente
[2025-02-20 16:49:50] [INFO] Iniciando la actualización del sistema...
[2025-02-20 16:49:55] [INFO] Actualizando sistema...
[2025-02-20 16:50:03] [SUCCESS] Sistema actualizado correctamente
[2025-02-20 16:50:03] [SUCCESS] Sistema actualizado correctamente
[2025-02-20 16:50:35] [INFO] Iniciando la actualización del sistema...
[2025-02-20 16:50:40] [INFO] Actualizando sistema...
[2025-02-20 16:50:48] [SUCCESS] Sistema actualizado correctamente
[2025-02-20 16:50:48] [SUCCESS] Sistema actualizado correctamente
[2025-02-20 16:50:53] [INFO] Iniciando la instalación de Apache...
[2025-02-20 16:50:58] [INFO] Iniciando la instalación de MariaDB...
[2025-02-20 16:51:04] [INFO] Iniciando la instalación de PHP...
[2025-02-20 16:51:09] [INFO] Iniciando la instalación de phpMyAdmin...
[2025-02-20 16:51:14] [INFO] Instalación completa.
[2025-02-20 17:28:58] [INFO] Iniciando la actualización del sistema...
[2025-02-20 17:29:03] [INFO] Actualizando sistema...
[2025-02-20 17:32:19] [SUCCESS] Sistema actualizado correctamente
[2025-02-20 17:32:19] [SUCCESS] Sistema actualizado correctamente
[2025-02-20 17:38:47] [INFO] Iniciando la instalación de Apache...
[2025-02-20 17:38:53] [INFO] Iniciando la instalación de MariaDB...
[2025-02-20 17:38:58] [INFO] Iniciando la instalación de PHP...
[2025-02-20 17:39:04] [INFO] Iniciando la instalación de phpMyAdmin...
[2025-02-20 17:39:09] [INFO] Instalación completa.
[2025-02-20 17:42:45] [INFO] Iniciando la actualización del sistema...
[2025-02-20 17:42:51] [INFO] Actualizando sistema...
[2025-02-20 17:42:51] [ERROR] Error al actualizar el sistema
[2025-02-20 17:42:51] [ERROR] Error al actualizar el sistema
[2025-02-20 17:43:01] [INFO] Iniciando la actualización del sistema...
[2025-02-20 17:43:06] [INFO] Actualizando sistema...
[2025-02-20 17:43:06] [ERROR] Error al actualizar el sistema
[2025-02-20 17:43:06] [ERROR] Error al actualizar el sistema
[2025-02-20 17:43:23] [INFO] Iniciando la actualización del sistema...
[2025-02-20 17:43:28] [INFO] Actualizando sistema...
[2025-02-20 17:43:36] [SUCCESS] Sistema actualizado correctamente
[2025-02-20 17:43:36] [SUCCESS] Sistema actualizado correctamente
[2025-02-20 17:43:42] [INFO] Iniciando la instalación de Apache...
[2025-02-20 17:43:47] [INFO] Iniciando la instalación de MariaDB...
[2025-02-20 17:43:52] [INFO] Iniciando la instalación de PHP...
[2025-02-20 17:43:58] [INFO] Iniciando la instalación de phpMyAdmin...
[2025-02-20 17:44:03] [INFO] Instalación completa.
[2025-02-20 17:47:14] [INFO] Iniciando la actualización del sistema...
[2025-02-20 17:47:19] [INFO] Actualizando sistema...
[2025-02-20 17:47:27] [SUCCESS] Sistema actualizado correctamente
[2025-02-20 17:47:27] [SUCCESS] Sistema actualizado correctamente
[2025-05-05 19:53:09] [INFO] Iniciando la actualización del sistema...
[2025-05-05 19:53:15] [INFO] Actualizando sistema...
[2025-05-05 19:53:36] [ERROR] Error al actualizar el sistema
[2025-05-05 19:53:36] [ERROR] Error al actualizar el sistema
[2025-05-05 19:53:47] [INFO] Iniciando la actualización del sistema...
[2025-05-05 19:53:53] [INFO] Actualizando sistema...
[2025-05-05 19:56:58] [ERROR] Error al actualizar el sistema
[2025-05-05 19:56:58] [ERROR] Error al actualizar el sistema
[2025-05-05 19:57:00] [INFO] Iniciando la actualización del sistema...
[2025-05-05 19:57:05] [INFO] Actualizando sistema...
[2025-05-05 19:57:38] [ERROR] Error al actualizar el sistema
[2025-05-05 19:57:38] [ERROR] Error al actualizar el sistema
[2025-05-05 19:58:15] [INFO] Iniciando la actualización del sistema...
[2025-05-05 19:58:20] [INFO] Actualizando sistema...
[2025-05-05 20:36:23] [ERROR] Error al actualizar el sistema
[2025-05-05 20:36:23] [ERROR] Error al actualizar el sistema
[2025-05-05 20:38:07] [INFO] Iniciando la actualización del sistema...
[2025-05-05 20:38:12] [INFO] Actualizando sistema...
[2025-05-05 20:49:25] [ERROR] Error al actualizar el sistema
[2025-05-05 20:49:25] [ERROR] Error al actualizar el sistema
[2025-05-05 20:49:32] [INFO] Iniciando la actualización del sistema...
[2025-05-05 20:49:38] [INFO] Actualizando sistema...
[2025-05-05 21:13:02] [SUCCESS] Sistema actualizado correctamente
[2025-05-05 21:13:02] [SUCCESS] Sistema actualizado correctamente
[2025-05-05 21:13:23] [INFO] Iniciando la actualización del sistema...
[2025-05-05 21:13:28] [INFO] Actualizando sistema...
[2025-05-05 21:13:38] [SUCCESS] Sistema actualizado correctamente
[2025-05-05 21:13:38] [SUCCESS] Sistema actualizado correctamente
[2025-05-05 21:13:41] [INFO] Iniciando la instalación de Apache...
[2025-05-05 21:13:46] [INFO] Iniciando la instalación de MariaDB...
[2025-05-05 21:13:52] [INFO] Iniciando la instalación de PHP...
[2025-05-05 21:13:57] [INFO] Iniciando la instalación de phpMyAdmin...
[2025-05-05 21:14:03] [INFO] Instalación completa.
[2025-05-05 21:14:18] [INFO] Iniciando la actualización del sistema...
[2025-05-05 21:14:24] [INFO] Actualizando sistema...
[2025-05-05 21:14:34] [SUCCESS] Sistema actualizado correctamente
[2025-05-05 21:14:34] [SUCCESS] Sistema actualizado correctamente
[2025-05-05 21:14:36] [INFO] Iniciando la instalación de Apache...
[2025-05-05 21:14:41] [INFO] Iniciando la instalación de MariaDB...
[2025-05-05 21:14:47] [INFO] Iniciando la instalación de PHP...
[2025-05-05 21:14:52] [INFO] Iniciando la instalación de phpMyAdmin...
[2025-05-05 21:14:57] [INFO] Instalación completa.
[2025-05-05 21:20:09] [INFO] Iniciando la actualización del sistema...
[2025-05-05 21:20:14] [INFO] Actualizando sistema...
[2025-05-05 21:20:29] [SUCCESS] Sistema actualizado correctamente
[2025-05-05 21:20:29] [SUCCESS] Sistema actualizado correctamente
[2025-05-05 21:20:34] [INFO] Iniciando la instalación de Apache...
[2025-05-05 21:20:40] [INFO] Iniciando la instalación de MariaDB...
[2025-05-05 21:20:45] [INFO] Iniciando la instalación de PHP...
[2025-05-05 21:20:51] [INFO] Iniciando la instalación de phpMyAdmin...
[2025-05-05 21:20:56] [INFO] Instalación completa.
